# JRE version: OpenJDK Runtime Environment GraalVM CE 22.3.0 (17.0.5+8) (build 17.0.5+8-jvmci-22.3-b08)
# Java VM: OpenJDK 64-Bit Server VM GraalVM CE 22.3.0 (17.0.5+8-jvmci-22.3-b08, mixed mode, sharing, tiered, jvmci, jvmci compiler, compressed oops, compressed class ptrs, parallel gc, linux-amd64)
GC Precious Log:
 CPUs: 8 total, 1 available
 Memory: 1792M
 Large Page Support: Disabled
 NUMA Support: Disabled
 Compressed Oops: Enabled (32-bit)
 Alignments: Space 512K, Generation 512K, Heap 2M
 Heap Min Capacity: 100M
 Heap Initial Capacity: 100M
 Heap Max Capacity: 512M
 Pre-touch: Disabled
 Parallel Workers: 1
Heap:
 PSYoungGen      total 44544K, used 22016K [0x00000000f5580000, 0x00000000f9800000, 0x0000000100000000)
  eden space 22016K, 100% used [0x00000000f5580000,0x00000000f6b00000,0x00000000f6b00000)
  from space 22528K, 0% used [0x00000000f6b00000,0x00000000f6b00000,0x00000000f8100000)
  to   space 12288K, 0% used [0x00000000f8100000,0x00000000f8100000,0x00000000f8d00000)
 ParOldGen       total 349696K, used 349695K [0x00000000e0000000, 0x00000000f5580000, 0x00000000f5580000)
  object space 349696K, 99% used [0x00000000e0000000,0x00000000f557fff0,0x00000000f5580000)
 Metaspace       used 61940K, committed 62976K, reserved 1105920K
  class space    used 6049K, committed 6528K, reserved 1048576K
GC Heap History (20 events):
Event: 1600.239 GC heap before
{Heap before GC invocations=595 (full 519):
 PSYoungGen      total 44544K, used 22015K [0x00000000f5580000, 0x00000000f9800000, 0x0000000100000000)
  eden space 22016K, 99% used [0x00000000f5580000,0x00000000f6afffe8,0x00000000f6b00000)
  from space 22528K, 0% used [0x00000000f6b00000,0x00000000f6b00000,0x00000000f8100000)
  to   space 12288K, 0% used [0x00000000f8100000,0x00000000f8100000,0x00000000f8d00000)
 ParOldGen       total 349696K, used 349695K [0x00000000e0000000, 0x00000000f5580000, 0x00000000f5580000)
  object space 349696K, 99% used [0x00000000e0000000,0x00000000f557ffe8,0x00000000f5580000)
 Metaspace       used 61940K, committed 62976K, reserved 1105920K
  class space    used 6049K, committed 6528K, reserved 1048576K
}
Event: 1602.580 GC heap after
{Heap after GC invocations=595 (full 519):
 PSYoungGen      total 34304K, used 22015K [0x00000000f5580000, 0x00000000f9800000, 0x0000000100000000)
  eden space 22016K, 99% used [0x00000000f5580000,0x00000000f6afffe8,0x00000000f6b00000)
  from space 12288K, 0% used [0x00000000f8100000,0x00000000f8100000,0x00000000f8d00000)
  to   space 22528K, 0% used [0x00000000f6b00000,0x00000000f6b00000,0x00000000f8100000)
 ParOldGen       total 349696K, used 349695K [0x00000000e0000000, 0x00000000f5580000, 0x00000000f5580000)
  object space 349696K, 99% used [0x00000000e0000000,0x00000000f557ffd0,0x00000000f5580000)
 Metaspace       used 61940K, committed 62976K, reserved 1105920K
  class space    used 6049K, committed 6528K, reserved 1048576K
}
Event: 1602.580 GC heap before
{Heap before GC invocations=596 (full 520):
 PSYoungGen      total 34304K, used 22015K [0x00000000f5580000, 0x00000000f9800000, 0x0000000100000000)
  eden space 22016K, 99% used [0x00000000f5580000,0x00000000f6afffe8,0x00000000f6b00000)
  from space 12288K, 0% used [0x00000000f8100000,0x00000000f8100000,0x00000000f8d00000)
  to   space 22528K, 0% used [0x00000000f6b00000,0x00000000f6b00000,0x00000000f8100000)
 ParOldGen       total 349696K, used 349695K [0x00000000e0000000, 0x00000000f5580000, 0x00000000f5580000)
  object space 349696K, 99% used [0x00000000e0000000,0x00000000f557ffd0,0x00000000f5580000)
 Metaspace       used 61940K, committed 62976K, reserved 1105920K
  class space    used 6049K, committed 6528K, reserved 1048576K
}
Event: 1605.122 GC heap after
{Heap after GC invocations=596 (full 520):
 PSYoungGen      total 44544K, used 22015K [0x00000000f5580000, 0x00000000f9800000, 0x0000000100000000)
  eden space 22016K, 99% used [0x00000000f5580000,0x00000000f6afffe8,0x00000000f6b00000)
  from space 22528K, 0% used [0x00000000f6b00000,0x00000000f6b00000,0x00000000f8100000)
  to   space 12288K, 0% used [0x00000000f8100000,0x00000000f8100000,0x00000000f8d00000)
 ParOldGen       total 349696K, used 349695K [0x00000000e0000000, 0x00000000f5580000, 0x00000000f5580000)
  object space 349696K, 99% used [0x00000000e0000000,0x00000000f557ffd0,0x00000000f5580000)
 Metaspace       used 61940K, committed 62976K, reserved 1105920K
  class space    used 6049K, committed 6528K, reserved 1048576K
}
Event: 1605.124 GC heap before
{Heap before GC invocations=597 (full 521):
 PSYoungGen      total 44544K, used 22016K [0x00000000f5580000, 0x00000000f9800000, 0x0000000100000000)
  eden space 22016K, 100% used [0x00000000f5580000,0x00000000f6b00000,0x00000000f6b00000)
  from space 22528K, 0% used [0x00000000f6b00000,0x00000000f6b00000,0x00000000f8100000)
  to   space 12288K, 0% used [0x00000000f8100000,0x00000000f8100000,0x00000000f8d00000)
 ParOldGen       total 349696K, used 349695K [0x00000000e0000000, 0x00000000f5580000, 0x00000000f5580000)
  object space 349696K, 99% used [0x00000000e0000000,0x00000000f557ffd0,0x00000000f5580000)
 Metaspace       used 61940K, committed 62976K, reserved 1105920K
  class space    used 6049K, committed 6528K, reserved 1048576K
}
Event: 1607.580 GC heap after
{Heap after GC invocations=597 (full 521):
 PSYoungGen      total 34304K, used 22015K [0x00000000f5580000, 0x00000000f9800000, 0x0000000100000000)
  eden space 22016K, 99% used [0x00000000f5580000,0x00000000f6afffc0,0x00000000f6b00000)
  from space 12288K, 0% used [0x00000000f8100000,0x00000000f8100000,0x00000000f8d00000)
  to   space 22528K, 0% used [0x00000000f6b00000,0x00000000f6b00000,0x00000000f8100000)
 ParOldGen       total 349696K, used 349694K [0x00000000e0000000, 0x00000000f5580000, 0x00000000f5580000)
  object space 349696K, 99% used [0x00000000e0000000,0x00000000f557fba0,0x00000000f5580000)
 Metaspace       used 61940K, committed 62976K, reserved 1105920K
  class space    used 6049K, committed 6528K, reserved 1048576K
}
Event: 1607.580 GC heap before
{Heap before GC invocations=598 (full 522):
 PSYoungGen      total 34304K, used 22016K [0x00000000f5580000, 0x00000000f9800000, 0x0000000100000000)
  eden space 22016K, 100% used [0x00000000f5580000,0x00000000f6b00000,0x00000000f6b00000)
  from space 12288K, 0% used [0x00000000f8100000,0x00000000f8100000,0x00000000f8d00000)
  to   space 22528K, 0% used [0x00000000f6b00000,0x00000000f6b00000,0x00000000f8100000)
 ParOldGen       total 349696K, used 349694K [0x00000000e0000000, 0x00000000f5580000, 0x00000000f5580000)
  object space 349696K, 99% used [0x00000000e0000000,0x00000000f557fba0,0x00000000f5580000)
 Metaspace       used 61940K, committed 62976K, reserved 1105920K
  class space    used 6049K, committed 6528K, reserved 1048576K
}
Event: 1610.069 GC heap after
{Heap after GC invocations=598 (full 522):
 PSYoungGen      total 44544K, used 22016K [0x00000000f5580000, 0x00000000f9800000, 0x0000000100000000)
  eden space 22016K, 100% used [0x00000000f5580000,0x00000000f6b00000,0x00000000f6b00000)
  from space 22528K, 0% used [0x00000000f6b00000,0x00000000f6b00000,0x00000000f8100000)
  to   space 12288K, 0% used [0x00000000f8100000,0x00000000f8100000,0x00000000f8d00000)
 ParOldGen       total 349696K, used 349694K [0x00000000e0000000, 0x00000000f5580000, 0x00000000f5580000)
  object space 349696K, 99% used [0x00000000e0000000,0x00000000f557fba0,0x00000000f5580000)
 Metaspace       used 61940K, committed 62976K, reserved 1105920K
  class space    used 6049K, committed 6528K, reserved 1048576K
}
Event: 1610.069 GC heap before
{Heap before GC invocations=599 (full 523):
 PSYoungGen      total 44544K, used 22016K [0x00000000f5580000, 0x00000000f9800000, 0x0000000100000000)
  eden space 22016K, 100% used [0x00000000f5580000,0x00000000f6b00000,0x00000000f6b00000)
  from space 22528K, 0% used [0x00000000f6b00000,0x00000000f6b00000,0x00000000f8100000)
  to   space 12288K, 0% used [0x00000000f8100000,0x00000000f8100000,0x00000000f8d00000)
 ParOldGen       total 349696K, used 349695K [0x00000000e0000000, 0x00000000f5580000, 0x00000000f5580000)
  object space 349696K, 99% used [0x00000000e0000000,0x00000000f557fff8,0x00000000f5580000)
 Metaspace       used 61940K, committed 62976K, reserved 1105920K
  class space    used 6049K, committed 6528K, reserved 1048576K
}
Event: 1612.336 GC heap after
{Heap after GC invocations=599 (full 523):
 PSYoungGen      total 34304K, used 22016K [0x00000000f5580000, 0x00000000f9800000, 0x0000000100000000)
  eden space 22016K, 100% used [0x00000000f5580000,0x00000000f6b00000,0x00000000f6b00000)
  from space 12288K, 0% used [0x00000000f8100000,0x00000000f8100000,0x00000000f8d00000)
  to   space 22528K, 0% used [0x00000000f6b00000,0x00000000f6b00000,0x00000000f8100000)
 ParOldGen       total 349696K, used 349695K [0x00000000e0000000, 0x00000000f5580000, 0x00000000f5580000)
  object space 349696K, 99% used [0x00000000e0000000,0x00000000f557fd18,0x00000000f5580000)
 Metaspace       used 61940K, committed 62976K, reserved 1105920K
  class space    used 6049K, committed 6528K, reserved 1048576K
}
Event: 1612.337 GC heap before
{Heap before GC invocations=600 (full 524):
 PSYoungGen      total 34304K, used 22016K [0x00000000f5580000, 0x00000000f9800000, 0x0000000100000000)
  eden space 22016K, 100% used [0x00000000f5580000,0x00000000f6b00000,0x00000000f6b00000)
  from space 12288K, 0% used [0x00000000f8100000,0x00000000f8100000,0x00000000f8d00000)
  to   space 22528K, 0% used [0x00000000f6b00000,0x00000000f6b00000,0x00000000f8100000)
 ParOldGen       total 349696K, used 349695K [0x00000000e0000000, 0x00000000f5580000, 0x00000000f5580000)
  object space 349696K, 99% used [0x00000000e0000000,0x00000000f557fd78,0x00000000f5580000)
 Metaspace       used 61940K, committed 62976K, reserved 1105920K
  class space    used 6049K, committed 6528K, reserved 1048576K
}
Event: 1614.575 GC heap after
{Heap after GC invocations=600 (full 524):
 PSYoungGen      total 44544K, used 22016K [0x00000000f5580000, 0x00000000f9800000, 0x0000000100000000)
  eden space 22016K, 100% used [0x00000000f5580000,0x00000000f6b00000,0x00000000f6b00000)
  from space 22528K, 0% used [0x00000000f6b00000,0x00000000f6b00000,0x00000000f8100000)
  to   space 12288K, 0% used [0x00000000f8100000,0x00000000f8100000,0x00000000f8d00000)
 ParOldGen       total 349696K, used 349695K [0x00000000e0000000, 0x00000000f5580000, 0x00000000f5580000)
  object space 349696K, 99% used [0x00000000e0000000,0x00000000f557fd18,0x00000000f5580000)
 Metaspace       used 61940K, committed 62976K, reserved 1105920K
  class space    used 6049K, committed 6528K, reserved 1048576K
}
Event: 1614.575 GC heap before
{Heap before GC invocations=601 (full 525):
 PSYoungGen      total 44544K, used 22016K [0x00000000f5580000, 0x00000000f9800000, 0x0000000100000000)
  eden space 22016K, 100% used [0x00000000f5580000,0x00000000f6b00000,0x00000000f6b00000)
  from space 22528K, 0% used [0x00000000f6b00000,0x00000000f6b00000,0x00000000f8100000)
  to   space 12288K, 0% used [0x00000000f8100000,0x00000000f8100000,0x00000000f8d00000)
 ParOldGen       total 349696K, used 349695K [0x00000000e0000000, 0x00000000f5580000, 0x00000000f5580000)
  object space 349696K, 99% used [0x00000000e0000000,0x00000000f557fd60,0x00000000f5580000)
 Metaspace       used 61940K, committed 62976K, reserved 1105920K
  class space    used 6049K, committed 6528K, reserved 1048576K
}
Event: 1617.187 GC heap after
{Heap after GC invocations=601 (full 525):
 PSYoungGen      total 34304K, used 22016K [0x00000000f5580000, 0x00000000f9800000, 0x0000000100000000)
  eden space 22016K, 100% used [0x00000000f5580000,0x00000000f6b00000,0x00000000f6b00000)
  from space 12288K, 0% used [0x00000000f8100000,0x00000000f8100000,0x00000000f8d00000)
  to   space 22528K, 0% used [0x00000000f6b00000,0x00000000f6b00000,0x00000000f8100000)
 ParOldGen       total 349696K, used 349695K [0x00000000e0000000, 0x00000000f5580000, 0x00000000f5580000)
  object space 349696K, 99% used [0x00000000e0000000,0x00000000f557fd30,0x00000000f5580000)
 Metaspace       used 61940K, committed 62976K, reserved 1105920K
  class space    used 6049K, committed 6528K, reserved 1048576K
}
Event: 1617.187 GC heap before
{Heap before GC invocations=602 (full 526):
 PSYoungGen      total 34304K, used 22016K [0x00000000f5580000, 0x00000000f9800000, 0x0000000100000000)
  eden space 22016K, 100% used [0x00000000f5580000,0x00000000f6b00000,0x00000000f6b00000)
  from space 12288K, 0% used [0x00000000f8100000,0x00000000f8100000,0x00000000f8d00000)
  to   space 22528K, 0% used [0x00000000f6b00000,0x00000000f6b00000,0x00000000f8100000)
 ParOldGen       total 349696K, used 349695K [0x00000000e0000000, 0x00000000f5580000, 0x00000000f5580000)
  object space 349696K, 99% used [0x00000000e0000000,0x00000000f557fd30,0x00000000f5580000)
 Metaspace       used 61940K, committed 62976K, reserved 1105920K
  class space    used 6049K, committed 6528K, reserved 1048576K
}
Event: 1619.487 GC heap after
{Heap after GC invocations=602 (full 526):
 PSYoungGen      total 44544K, used 22016K [0x00000000f5580000, 0x00000000f9800000, 0x0000000100000000)
  eden space 22016K, 100% used [0x00000000f5580000,0x00000000f6b00000,0x00000000f6b00000)
  from space 22528K, 0% used [0x00000000f6b00000,0x00000000f6b00000,0x00000000f8100000)
  to   space 12288K, 0% used [0x00000000f8100000,0x00000000f8100000,0x00000000f8d00000)
 ParOldGen       total 349696K, used 349695K [0x00000000e0000000, 0x00000000f5580000, 0x00000000f5580000)
  object space 349696K, 99% used [0x00000000e0000000,0x00000000f557fd30,0x00000000f5580000)
 Metaspace       used 61940K, committed 62976K, reserved 1105920K
  class space    used 6049K, committed 6528K, reserved 1048576K
}
Event: 1619.487 GC heap before
{Heap before GC invocations=603 (full 527):
 PSYoungGen      total 44544K, used 22016K [0x00000000f5580000, 0x00000000f9800000, 0x0000000100000000)
  eden space 22016K, 100% used [0x00000000f5580000,0x00000000f6b00000,0x00000000f6b00000)
  from space 22528K, 0% used [0x00000000f6b00000,0x00000000f6b00000,0x00000000f8100000)
  to   space 12288K, 0% used [0x00000000f8100000,0x00000000f8100000,0x00000000f8d00000)
 ParOldGen       total 349696K, used 349695K [0x00000000e0000000, 0x00000000f5580000, 0x00000000f5580000)
  object space 349696K, 99% used [0x00000000e0000000,0x00000000f557fd30,0x00000000f5580000)
 Metaspace       used 61940K, committed 62976K, reserved 1105920K
  class space    used 6049K, committed 6528K, reserved 1048576K
}
Event: 1622.173 GC heap after
{Heap after GC invocations=603 (full 527):
 PSYoungGen      total 34304K, used 22016K [0x00000000f5580000, 0x00000000f9800000, 0x0000000100000000)
  eden space 22016K, 100% used [0x00000000f5580000,0x00000000f6b00000,0x00000000f6b00000)
  from space 12288K, 0% used [0x00000000f8100000,0x00000000f8100000,0x00000000f8d00000)
  to   space 22528K, 0% used [0x00000000f6b00000,0x00000000f6b00000,0x00000000f8100000)
 ParOldGen       total 349696K, used 349695K [0x00000000e0000000, 0x00000000f5580000, 0x00000000f5580000)
  object space 349696K, 99% used [0x00000000e0000000,0x00000000f557fd10,0x00000000f5580000)
 Metaspace       used 61940K, committed 62976K, reserved 1105920K
  class space    used 6049K, committed 6528K, reserved 1048576K
}
Event: 1622.173 GC heap before
{Heap before GC invocations=604 (full 528):
 PSYoungGen      total 34304K, used 22016K [0x00000000f5580000, 0x00000000f9800000, 0x0000000100000000)
  eden space 22016K, 100% used [0x00000000f5580000,0x00000000f6b00000,0x00000000f6b00000)
  from space 12288K, 0% used [0x00000000f8100000,0x00000000f8100000,0x00000000f8d00000)
  to   space 22528K, 0% used [0x00000000f6b00000,0x00000000f6b00000,0x00000000f8100000)
 ParOldGen       total 349696K, used 349695K [0x00000000e0000000, 0x00000000f5580000, 0x00000000f5580000)
  object space 349696K, 99% used [0x00000000e0000000,0x00000000f557fd10,0x00000000f5580000)
 Metaspace       used 61940K, committed 62976K, reserved 1105920K
  class space    used 6049K, committed 6528K, reserved 1048576K
}
Event: 1624.442 GC heap after
{Heap after GC invocations=604 (full 528):
 PSYoungGen      total 44544K, used 22016K [0x00000000f5580000, 0x00000000f9800000, 0x0000000100000000)
  eden space 22016K, 100% used [0x00000000f5580000,0x00000000f6b00000,0x00000000f6b00000)
  from space 22528K, 0% used [0x00000000f6b00000,0x00000000f6b00000,0x00000000f8100000)
  to   space 12288K, 0% used [0x00000000f8100000,0x00000000f8100000,0x00000000f8d00000)
 ParOldGen       total 349696K, used 349695K [0x00000000e0000000, 0x00000000f5580000, 0x00000000f5580000)
  object space 349696K, 99% used [0x00000000e0000000,0x00000000f557fd10,0x00000000f5580000)
 Metaspace       used 61940K, committed 62976K, reserved 1105920K
  class space    used 6049K, committed 6528K, reserved 1048576K
}

